<?xml version="1.0" encoding="UTF-8"?>
<!-- Generated by org.testng.reporters.JUnitReportReporter -->
<testsuite hostname="ASHUTOSH-LAPTOP-LIFNO1N8" failures="0" tests="2" name="testcases.TC13_CouponCode" time="45.185" errors="0" timestamp="2025-04-22T00:53:46 IST" skipped="1">
  <testcase classname="testcases.TC13_CouponCode" name="performEndToEndOperation" time="29.949">
    <system-out>
      <![CDATA[Test case is pass ]]>
    </system-out>
  </testcase> <!-- performEndToEndOperation -->
  <testcase classname="testcases.TC13_CouponCode" name="performEndToEndOperation" time="15.236">
    <skipped/>
  </testcase> <!-- performEndToEndOperation -->
  <system-out>
    <![CDATA[Test case is pass ]]>
  </system-out>
</testsuite> <!-- testcases.TC13_CouponCode -->
