<?xml version="1.0" encoding="UTF-8"?>
<!-- Generated by org.testng.reporters.JUnitReportReporter -->
<testsuite hostname="LAPTOP-LIFNO1N8" failures="0" tests="5" name="testcases.TC12_MultiPay" time="167.059" errors="0" timestamp="2025-04-14T13:37:46 IST" skipped="0">
  <testcase classname="testcases.TC12_MultiPay" name="performEndToEndOperation" time="32.708"/>
  <testcase classname="testcases.TC12_MultiPay" name="performEndToEndOperation" time="34.140"/>
  <testcase classname="testcases.TC12_MultiPay" name="performEndToEndOperation" time="32.937"/>
  <testcase classname="testcases.TC12_MultiPay" name="performEndToEndOperation" time="33.314"/>
  <testcase classname="testcases.TC12_MultiPay" name="performEndToEndOperation" time="33.960">
    <system-out>
      <![CDATA[COD element is already selected.]]>
    </system-out>
  </testcase> <!-- performEndToEndOperation -->
  <system-out>
    <![CDATA[COD element is already selected.]]>
  </system-out>
</testsuite> <!-- testcases.TC12_MultiPay -->
