<?xml version="1.0" encoding="UTF-8"?>
<!-- Generated by org.testng.reporters.JUnitReportReporter -->
<testsuite hostname="LAPTOP-LIFNO1N8" failures="0" tests="1" name="amazon_end_to_end.TC09_CartTest" time="27.121" errors="0" timestamp="2025-04-08T19:42:08 IST" skipped="0">
  <testcase classname="amazon_end_to_end.TC09_CartTest" name="e2eOperation" time="27.121"/>
</testsuite> <!-- amazon_end_to_end.TC09_CartTest -->
