<?xml version="1.0" encoding="UTF-8"?>
<!-- Generated by org.testng.reporters.JUnitReportReporter -->
<testsuite hostname="LAPTOP-LIFNO1N8" failures="0" tests="1" name="amazon_testcases.TC01_NewUser" time="7.466" errors="0" timestamp="2025-04-13T00:51:31 IST" skipped="0">
  <testcase classname="amazon_testcases.TC01_NewUser" name="performEndToEndOperation" time="7.466">
    <system-out>
      <![CDATA[Test case is pass ]]>
    </system-out>
  </testcase> <!-- performEndToEndOperation -->
  <system-out>
    <![CDATA[Test case is pass ]]>
  </system-out>
</testsuite> <!-- amazon_testcases.TC01_NewUser -->
