<?xml version="1.0" encoding="UTF-8"?>
<!-- Generated by org.testng.reporters.JUnitReportReporter -->
<testsuite hostname="LAPTOP-LIFNO1N8" failures="0" tests="1" name="amazon_end_to_end.TC05_ProfileInfoUpdate" time="19.818" errors="0" timestamp="2025-04-07T02:05:30 IST" skipped="0">
  <testcase classname="amazon_end_to_end.TC05_ProfileInfoUpdate" name="e2eOperation" time="19.818"/>
</testsuite> <!-- amazon_end_to_end.TC05_ProfileInfoUpdate -->
