<?xml version="1.0" encoding="UTF-8"?>
<!-- Generated by org.testng.reporters.JUnitReportReporter -->
<testsuite hostname="LAPTOP-LIFNO1N8" failures="0" tests="1" name="amazon_end_to_end.TC07_ProductDetailsTest" time="22.821" errors="0" timestamp="2025-04-08T19:39:59 IST" skipped="0">
  <testcase classname="amazon_end_to_end.TC07_ProductDetailsTest" name="e2eOperation" time="22.821"/>
</testsuite> <!-- amazon_end_to_end.TC07_ProductDetailsTest -->
