<?xml version="1.0" encoding="UTF-8"?>
<!-- Generated by org.testng.reporters.JUnitReportReporter -->
<testsuite hostname="LAPTOP-LIFNO1N8" failures="0" tests="1" name="amazon_end_to_end.TC02_SuccessfulLoginTest" time="12.546" errors="0" timestamp="2025-04-08T21:49:48 IST" skipped="0">
  <testcase classname="amazon_end_to_end.TC02_SuccessfulLoginTest" name="e2eOperation" time="12.546">
    <system-out>
      <![CDATA[Test case is pass ]]>
    </system-out>
  </testcase> <!-- e2eOperation -->
  <system-out>
    <![CDATA[Test case is pass ]]>
  </system-out>
</testsuite> <!-- amazon_end_to_end.TC02_SuccessfulLoginTest -->
