<?xml version="1.0" encoding="UTF-8"?>
<!-- Generated by org.testng.reporters.JUnitReportReporter -->
<testsuite hostname="ASHUTOSH-LAPTOP-LIFNO1N8" failures="0" tests="1" name="testcases.TC09_Cart" time="26.788" errors="0" timestamp="2025-04-22T00:25:55 IST" skipped="0">
  <testcase classname="testcases.TC09_Cart" name="performEndToEndOperation" time="26.788">
    <system-out>
      <![CDATA[Amazon.in Shopping Cart
Test case is pass ]]>
    </system-out>
  </testcase> <!-- performEndToEndOperation -->
  <system-out>
    <![CDATA[Amazon.in Shopping Cart
Test case is pass ]]>
  </system-out>
</testsuite> <!-- testcases.TC09_Cart -->
