<?xml version="1.0" encoding="UTF-8"?>
<!-- Generated by org.testng.reporters.JUnitReportReporter -->
<testsuite hostname="LAPTOP-LIFNO1N8" failures="0" tests="1" name="amazon_testcases.TC04_ProfileInfoUpdate" time="19.984" errors="0" timestamp="2025-04-11T20:11:25 IST" skipped="0">
  <testcase classname="amazon_testcases.TC04_ProfileInfoUpdate" name="performEndToEndOperation" time="19.984">
    <system-out>
      <![CDATA[Test case is pass ]]>
    </system-out>
  </testcase> <!-- performEndToEndOperation -->
  <system-out>
    <![CDATA[Test case is pass 
Test case is pass ]]>
  </system-out>
</testsuite> <!-- amazon_testcases.TC04_ProfileInfoUpdate -->
