<?xml version="1.0" encoding="UTF-8"?>
<!-- Generated by org.testng.reporters.JUnitReportReporter -->
<testsuite hostname="ASHUTOSH-LAPTOP-LIFNO1N8" failures="0" tests="1" name="testcases.TC03_LoginFailed" time="12.114" errors="0" timestamp="2025-04-21T23:48:50 IST" skipped="0">
  <testcase classname="testcases.TC03_LoginFailed" name="performEndToEndOperation" time="12.114">
    <system-out>
      <![CDATA[Forgot password?
Test case is pass ]]>
    </system-out>
  </testcase> <!-- performEndToEndOperation -->
  <system-out>
    <![CDATA[Forgot password?
Test case is pass ]]>
  </system-out>
</testsuite> <!-- testcases.TC03_LoginFailed -->
