<?xml version="1.0" encoding="UTF-8"?>
<!-- Generated by org.testng.reporters.JUnitReportReporter -->
<testsuite hostname="ASHUTOSH-LAPTOP-LIFNO1N8" failures="0" tests="1" name="testcases.TC04_ProfileInfoUpdate" time="22.589" errors="0" timestamp="2025-04-22T00:20:30 IST" skipped="0">
  <testcase classname="testcases.TC04_ProfileInfoUpdate" name="performEndToEndOperation" time="22.589">
    <system-out>
      <![CDATA[Profile Hub
Test case is pass ]]>
    </system-out>
  </testcase> <!-- performEndToEndOperation -->
  <system-out>
    <![CDATA[Profile Hub
Test case is pass ]]>
  </system-out>
</testsuite> <!-- testcases.TC04_ProfileInfoUpdate -->
