<?xml version="1.0" encoding="UTF-8"?>
<!-- Generated by org.testng.reporters.JUnitReportReporter -->
<testsuite hostname="ASHUTOSH-LAPTOP-LIFNO1N8" failures="0" tests="5" name="testcases.TC12_SelectEachPaymentMethod" time="147.455" errors="0" timestamp="2025-04-22T00:42:07 IST" skipped="0">
  <testcase classname="testcases.TC12_SelectEachPaymentMethod" name="performEndToEndOperation" time="28.584">
    <system-out>
      <![CDATA[Test case is pass ]]>
    </system-out>
  </testcase> <!-- performEndToEndOperation -->
  <testcase classname="testcases.TC12_SelectEachPaymentMethod" name="performEndToEndOperation" time="30.106">
    <system-out>
      <![CDATA[Test case is pass ]]>
    </system-out>
  </testcase> <!-- performEndToEndOperation -->
  <testcase classname="testcases.TC12_SelectEachPaymentMethod" name="performEndToEndOperation" time="32.147">
    <system-out>
      <![CDATA[Test case is pass ]]>
    </system-out>
  </testcase> <!-- performEndToEndOperation -->
  <testcase classname="testcases.TC12_SelectEachPaymentMethod" name="performEndToEndOperation" time="27.746">
    <system-out>
      <![CDATA[Test case is pass ]]>
    </system-out>
  </testcase> <!-- performEndToEndOperation -->
  <testcase classname="testcases.TC12_SelectEachPaymentMethod" name="performEndToEndOperation" time="28.872">
    <system-out>
      <![CDATA[Test case is pass ]]>
    </system-out>
  </testcase> <!-- performEndToEndOperation -->
  <system-out>
    <![CDATA[Test case is pass 
Test case is pass 
Test case is pass 
Test case is pass 
Test case is pass ]]>
  </system-out>
</testsuite> <!-- testcases.TC12_SelectEachPaymentMethod -->
