<?xml version="1.0" encoding="UTF-8"?>
<!-- Generated by org.testng.reporters.JUnitReportReporter -->
<testsuite hostname="ASHUTOSH-LAPTOP-LIFNO1N8" failures="0" tests="1" name="testcases.TC15_search_wishlist_cart" time="15.420" errors="0" timestamp="2025-04-22T00:54:22 IST" skipped="0">
  <testcase classname="testcases.TC15_search_wishlist_cart" name="performEndToEndOperation" time="15.420">
    <system-out>
      <![CDATA[Test case is pass ]]>
    </system-out>
  </testcase> <!-- performEndToEndOperation -->
  <system-out>
    <![CDATA[Test case is pass ]]>
  </system-out>
</testsuite> <!-- testcases.TC15_search_wishlist_cart -->
