<?xml version="1.0" encoding="UTF-8"?>
<!-- Generated by org.testng.reporters.JUnitReportReporter -->
<testsuite hostname="ASHUTOSH-LAPTOP-LIFNO1N8" failures="0" tests="2" name="testcases.TC07_ProductDetails" time="39.275" errors="0" timestamp="2025-04-22T00:23:07 IST" skipped="1">
  <testcase classname="testcases.TC07_ProductDetails" name="performEndToEndOperation" time="23.743">
    <system-out>
      <![CDATA[Test case is pass ]]>
    </system-out>
  </testcase> <!-- performEndToEndOperation -->
  <testcase classname="testcases.TC07_ProductDetails" name="performEndToEndOperation" time="15.532">
    <skipped/>
  </testcase> <!-- performEndToEndOperation -->
  <system-out>
    <![CDATA[Test case is pass ]]>
  </system-out>
</testsuite> <!-- testcases.TC07_ProductDetails -->
