<?xml version="1.0" encoding="UTF-8"?>
<!-- Generated by org.testng.reporters.JUnitReportReporter -->
<testsuite hostname="ASHUTOSH-LAPTOP-LIFNO1N8" failures="0" tests="1" name="testcases.TC02_SuccessfulLogin" time="12.086" errors="0" timestamp="2025-04-21T23:48:21 IST" skipped="0">
  <testcase classname="testcases.TC02_SuccessfulLogin" name="performEndToEndOperation" time="12.086">
    <system-out>
      <![CDATA[Test case is pass ]]>
    </system-out>
  </testcase> <!-- performEndToEndOperation -->
  <system-out>
    <![CDATA[Test case is pass ]]>
  </system-out>
</testsuite> <!-- testcases.TC02_SuccessfulLogin -->
