<?xml version="1.0" encoding="UTF-8"?>
<!-- Generated by org.testng.reporters.JUnitReportReporter -->
<testsuite hostname="LAPTOP-LIFNO1N8" failures="0" tests="1" name="amazon_end_to_end.TC04_ProfileInfoUpdate" time="22.682" errors="0" timestamp="2025-04-08T19:35:26 IST" skipped="0">
  <testcase classname="amazon_end_to_end.TC04_ProfileInfoUpdate" name="e2eOperation" time="22.682"/>
</testsuite> <!-- amazon_end_to_end.TC04_ProfileInfoUpdate -->
