<?xml version="1.0" encoding="UTF-8"?>
<!-- Generated by org.testng.reporters.JUnitReportReporter -->
<testsuite hostname="LAPTOP-LIFNO1N8" failures="0" tests="1" name="amazon_testcases.TC15_withoutLogin" time="14.926" errors="0" timestamp="2025-04-09T20:51:05 IST" skipped="0">
  <testcase classname="amazon_testcases.TC15_withoutLogin" name="performEndToEndOperation" time="14.926">
    <system-out>
      <![CDATA[Test case is pass ]]>
    </system-out>
  </testcase> <!-- performEndToEndOperation -->
  <system-out>
    <![CDATA[Test case is pass ]]>
  </system-out>
</testsuite> <!-- amazon_testcases.TC15_withoutLogin -->
