<?xml version="1.0" encoding="UTF-8"?>
<!-- Generated by org.testng.reporters.JUnitReportReporter -->
<testsuite hostname="ASHUTOSH-LAPTOP-LIFNO1N8" failures="0" tests="1" name="testcases.TC06_SearchFilter" time="20.094" errors="0" timestamp="2025-04-22T00:22:10 IST" skipped="0">
  <testcase classname="testcases.TC06_SearchFilter" name="performEndToEndOperation" time="20.094">
    <system-out>
      <![CDATA[Amazon.in : shoes
Test case is pass ]]>
    </system-out>
  </testcase> <!-- performEndToEndOperation -->
  <system-out>
    <![CDATA[Amazon.in : shoes
Test case is pass ]]>
  </system-out>
</testsuite> <!-- testcases.TC06_SearchFilter -->
