<?xml version="1.0" encoding="UTF-8"?>
<!-- Generated by org.testng.reporters.JUnitReportReporter -->
<testsuite hostname="ASHUTOSH-LAPTOP-LIFNO1N8" failures="0" tests="2" name="testcases.TC10_QuantityUpdateCart" time="46.419" errors="0" timestamp="2025-04-22T00:27:01 IST" skipped="1">
  <testcase classname="testcases.TC10_QuantityUpdateCart" name="performEndToEndOperation" time="30.955">
    <system-out>
      <![CDATA[Test case is pass ]]>
    </system-out>
  </testcase> <!-- performEndToEndOperation -->
  <testcase classname="testcases.TC10_QuantityUpdateCart" name="performEndToEndOperation" time="15.464">
    <skipped/>
  </testcase> <!-- performEndToEndOperation -->
  <system-out>
    <![CDATA[Test case is pass ]]>
  </system-out>
</testsuite> <!-- testcases.TC10_QuantityUpdateCart -->
