<?xml version="1.0" encoding="UTF-8"?>
<!-- Generated by org.testng.reporters.JUnitReportReporter -->
<testsuite hostname="LAPTOP-LIFNO1N8" failures="0" tests="1" name="amazon_testcases.TC14_ProductReviewTest" time="14.722" errors="0" timestamp="2025-04-10T00:40:20 IST" skipped="0">
  <testcase classname="amazon_testcases.TC14_ProductReviewTest" name="performEndToEndOperation" time="14.722">
    <system-out>
      <![CDATA[Test case is pass ]]>
    </system-out>
  </testcase> <!-- performEndToEndOperation -->
  <system-out>
    <![CDATA[Test case is pass ]]>
  </system-out>
</testsuite> <!-- amazon_testcases.TC14_ProductReviewTest -->
