<?xml version="1.0" encoding="UTF-8"?>
<!-- Generated by org.testng.reporters.JUnitReportReporter -->
<testsuite hostname="LAPTOP-LIFNO1N8" failures="0" tests="1" name="amazon_testcases.TC12_MultiPaymentTest" time="28.544" errors="0" timestamp="2025-04-11T10:01:37 IST" skipped="0">
  <testcase classname="amazon_testcases.TC12_MultiPaymentTest" name="performEndToEndOperation1" time="28.544">
    <system-out>
      <![CDATA[Test case is pass ]]>
    </system-out>
  </testcase> <!-- performEndToEndOperation1 -->
  <system-out>
    <![CDATA[Test case is pass ]]>
  </system-out>
</testsuite> <!-- amazon_testcases.TC12_MultiPaymentTest -->
