<?xml version="1.0" encoding="UTF-8"?>
<!-- Generated by org.testng.reporters.JUnitReportReporter -->
<testsuite hostname="LAPTOP-LIFNO1N8" failures="0" tests="1" name="amazon_end_to_end.TC04_ManageProfileTest" time="12.184" errors="0" timestamp="2025-04-07T00:18:25 IST" skipped="0">
  <testcase classname="amazon_end_to_end.TC04_ManageProfileTest" name="e2eOperation" time="12.184"/>
</testsuite> <!-- amazon_end_to_end.TC04_ManageProfileTest -->
