<?xml version="1.0" encoding="UTF-8"?>
<!-- Generated by org.testng.reporters.JUnitReportReporter -->
<testsuite hostname="ASHUTOSH-LAPTOP-LIFNO1N8" failures="0" tests="1" name="testcases.TC03_1_ManageProfile" time="16.029" errors="0" timestamp="2025-04-22T00:01:49 IST" skipped="0">
  <testcase classname="testcases.TC03_1_ManageProfile" name="performEndToEndOperation" time="16.029">
    <system-out>
      <![CDATA[Your Profile
Test case is pass ]]>
    </system-out>
  </testcase> <!-- performEndToEndOperation -->
  <system-out>
    <![CDATA[Your Profile
Test case is pass ]]>
  </system-out>
</testsuite> <!-- testcases.TC03_1_ManageProfile -->
