<?xml version="1.0" encoding="UTF-8"?>
<!-- Generated by org.testng.reporters.JUnitReportReporter -->
<testsuite hostname="ASHUTOSH-LAPTOP-LIFNO1N8" failures="0" tests="6" name="testcases.TC08_ProductSort" time="86.788" errors="0" timestamp="2025-04-22T00:25:03 IST" skipped="1">
  <testcase classname="testcases.TC08_ProductSort" name="performEndToEndOperation" time="16.171">
    <skipped/>
  </testcase> <!-- performEndToEndOperation -->
  <testcase classname="testcases.TC08_ProductSort" name="performEndToEndOperation" time="13.639">
    <system-out>
      <![CDATA[Test case is pass ]]>
    </system-out>
  </testcase> <!-- performEndToEndOperation -->
  <testcase classname="testcases.TC08_ProductSort" name="performEndToEndOperation" time="15.633">
    <system-out>
      <![CDATA[Test case is pass ]]>
    </system-out>
  </testcase> <!-- performEndToEndOperation -->
  <testcase classname="testcases.TC08_ProductSort" name="performEndToEndOperation" time="14.653">
    <system-out>
      <![CDATA[Test case is pass ]]>
    </system-out>
  </testcase> <!-- performEndToEndOperation -->
  <testcase classname="testcases.TC08_ProductSort" name="performEndToEndOperation" time="14.116">
    <system-out>
      <![CDATA[Test case is pass ]]>
    </system-out>
  </testcase> <!-- performEndToEndOperation -->
  <testcase classname="testcases.TC08_ProductSort" name="performEndToEndOperation" time="12.576">
    <system-out>
      <![CDATA[Test case is pass ]]>
    </system-out>
  </testcase> <!-- performEndToEndOperation -->
  <system-out>
    <![CDATA[Test case is pass 
Test case is pass 
Test case is pass 
Test case is pass 
Test case is pass ]]>
  </system-out>
</testsuite> <!-- testcases.TC08_ProductSort -->
