<?xml version="1.0" encoding="UTF-8"?>
<!-- Generated by org.testng.reporters.JUnitReportReporter -->
<testsuite hostname="LAPTOP-LIFNO1N8" failures="0" tests="1" name="amazon_end_to_end.TC03_LoginFailedTest" time="8.863" errors="0" timestamp="2025-04-06T18:08:46 IST" skipped="0">
  <testcase classname="amazon_end_to_end.TC03_LoginFailedTest" name="e2eOperation" time="8.863"/>
</testsuite> <!-- amazon_end_to_end.TC03_LoginFailedTest -->
