<?xml version="1.0" encoding="UTF-8"?>
<!-- Generated by org.testng.reporters.JUnitReportReporter -->
<testsuite hostname="LAPTOP-LIFNO1N8" failures="0" tests="4" name="testcases.TC02_SuccessfulLogin" time="53.524" errors="0" timestamp="2025-04-15T20:47:37 IST" skipped="1">
  <testcase classname="testcases.TC02_SuccessfulLogin" name="performEndToEndOperation" time="11.546">
    <system-out>
      <![CDATA[Test case is pass ]]>
    </system-out>
  </testcase> <!-- performEndToEndOperation -->
  <testcase classname="testcases.TC02_SuccessfulLogin" name="performEndToEndOperation" time="11.490">
    <system-out>
      <![CDATA[Test case is pass ]]>
    </system-out>
  </testcase> <!-- performEndToEndOperation -->
  <testcase classname="testcases.TC02_SuccessfulLogin" name="performEndToEndOperation" time="15.088">
    <skipped/>
  </testcase> <!-- performEndToEndOperation -->
  <testcase classname="testcases.TC02_SuccessfulLogin" name="performEndToEndOperation" time="15.400">
    <system-out>
      <![CDATA[Test case is pass ]]>
    </system-out>
  </testcase> <!-- performEndToEndOperation -->
  <system-out>
    <![CDATA[Test case is pass 
Test case is pass 
Forgot password?
Test case is pass 
Your Profile
Test case is pass 
Profile Hub
Test case is pass 
Amazon.in : shoes
Test case is pass 
Amazon.in : shoes
Test case is pass 
Test case is pass 
Test case is pass 
Test case is pass 
Test case is pass 
Test case is pass 
Test case is pass 
Amazon.in Shopping Cart
Test case is pass 
Test case is pass 
Test case is fail 
Test case is pass 
Test case is pass 
Test case is pass 
Test case is pass 
Test case is pass 
Test case is fail 
Test case is pass 
Test case is pass 
Test case is pass ]]>
  </system-out>
</testsuite> <!-- testcases.TC02_SuccessfulLogin -->
