<?xml version="1.0" encoding="UTF-8"?>
<!-- Generated by org.testng.reporters.JUnitReportReporter -->
<testsuite hostname="LAPTOP-LIFNO1N8" failures="0" tests="1" name="amazon_end_to_end.TC01_NewUserTest" time="7.367" errors="0" timestamp="2025-04-06T18:08:46 IST" skipped="0">
  <testcase classname="amazon_end_to_end.TC01_NewUserTest" name="e2eOperation" time="7.367"/>
</testsuite> <!-- amazon_end_to_end.TC01_NewUserTest -->
