<?xml version="1.0" encoding="UTF-8"?>
<!-- Generated by org.testng.reporters.JUnitReportReporter -->
<testsuite hostname="LAPTOP-LIFNO1N8" failures="0" tests="1" name="amazon_testcases.TC02_SuccessfulLoginTest" time="12.714" errors="0" timestamp="2025-04-11T13:42:31 IST" skipped="0">
  <testcase classname="amazon_testcases.TC02_SuccessfulLoginTest" name="performEndToEndOperation" time="12.714">
    <system-out>
      <![CDATA[Test case is pass ]]>
    </system-out>
  </testcase> <!-- performEndToEndOperation -->
  <system-out>
    <![CDATA[Test case is pass 
Test case is pass 
Test case is pass 
Test case is pass 
Test case is pass 
Test case is fail 
Test case is pass 
Test case is pass 
Test case is pass 
Test case is fail 
Test case is fail 
Test case is fail 
Test case is fail 
Test case is fail 
Test case is pass 
Test case is pass 
Test case is fail ]]>
  </system-out>
</testsuite> <!-- amazon_testcases.TC02_SuccessfulLoginTest -->
